mode: set
kemejaku/business/kemejas/usecase.go:16.108,21.2 1 1
kemejaku/business/kemejas/usecase.go:23.98,27.16 2 1
kemejaku/business/kemejas/usecase.go:31.2,31.24 1 1
kemejaku/business/kemejas/usecase.go:27.16,29.3 1 1
kemejaku/business/kemejas/usecase.go:34.89,38.16 2 1
kemejaku/business/kemejas/usecase.go:42.2,42.24 1 1
kemejaku/business/kemejas/usecase.go:38.16,40.3 1 1
kemejaku/business/kemejas/usecase.go:45.98,49.16 2 1
kemejaku/business/kemejas/usecase.go:53.2,53.24 1 1
kemejaku/business/kemejas/usecase.go:49.16,51.3 1 1
kemejaku/business/kemejas/usecase.go:56.104,60.16 2 1
kemejaku/business/kemejas/usecase.go:64.2,64.24 1 1
kemejaku/business/kemejas/usecase.go:60.16,62.3 1 1
kemejaku/business/kemejas/usecase.go:67.95,71.16 2 1
kemejaku/business/kemejas/usecase.go:75.2,75.24 1 1
kemejaku/business/kemejas/usecase.go:71.16,73.3 1 1
kemejaku/business/kemejakeranjangs/usecase.go:20.131,25.2 1 1
kemejaku/business/kemejakeranjangs/usecase.go:28.130,29.22 1 1
kemejaku/business/kemejakeranjangs/usecase.go:33.2,33.25 1 1
kemejaku/business/kemejakeranjangs/usecase.go:37.2,37.20 1 1
kemejaku/business/kemejakeranjangs/usecase.go:41.2,41.19 1 1
kemejaku/business/kemejakeranjangs/usecase.go:45.2,47.16 2 1
kemejaku/business/kemejakeranjangs/usecase.go:51.2,51.20 1 1
kemejaku/business/kemejakeranjangs/usecase.go:29.22,31.3 1 1
kemejaku/business/kemejakeranjangs/usecase.go:33.25,35.3 1 1
kemejaku/business/kemejakeranjangs/usecase.go:37.20,39.3 1 1
kemejaku/business/kemejakeranjangs/usecase.go:41.19,43.3 1 1
kemejaku/business/kemejakeranjangs/usecase.go:47.16,49.3 1 1
kemejaku/business/kemejakeranjangs/usecase.go:54.112,57.16 2 1
kemejaku/business/kemejakeranjangs/usecase.go:61.2,61.20 1 1
kemejaku/business/kemejakeranjangs/usecase.go:57.16,59.3 1 1
kemejaku/business/kemejakeranjangs/usecase.go:64.121,65.13 1 1
kemejaku/business/kemejakeranjangs/usecase.go:69.2,71.16 2 1
kemejaku/business/kemejakeranjangs/usecase.go:75.2,75.20 1 1
kemejaku/business/kemejakeranjangs/usecase.go:65.13,67.3 1 1
kemejaku/business/kemejakeranjangs/usecase.go:71.16,73.3 1 1
kemejaku/business/kemejakeranjangs/usecase.go:78.136,79.13 1 1
kemejaku/business/kemejakeranjangs/usecase.go:83.2,83.20 1 1
kemejaku/business/kemejakeranjangs/usecase.go:87.2,87.19 1 1
kemejaku/business/kemejakeranjangs/usecase.go:91.2,93.16 2 1
kemejaku/business/kemejakeranjangs/usecase.go:97.2,97.20 1 1
kemejaku/business/kemejakeranjangs/usecase.go:79.13,81.3 1 1
kemejaku/business/kemejakeranjangs/usecase.go:83.20,85.3 1 1
kemejaku/business/kemejakeranjangs/usecase.go:87.19,89.3 1 1
kemejaku/business/kemejakeranjangs/usecase.go:93.16,95.3 1 1
kemejaku/business/kemejakeranjangs/usecase.go:100.118,101.13 1 1
kemejaku/business/kemejakeranjangs/usecase.go:105.2,107.16 2 1
kemejaku/business/kemejakeranjangs/usecase.go:111.2,111.20 1 1
kemejaku/business/kemejakeranjangs/usecase.go:101.13,103.3 1 1
kemejaku/business/kemejakeranjangs/usecase.go:107.16,109.3 1 1
kemejaku/business/users/usecase.go:22.130,28.2 1 1
kemejaku/business/users/usecase.go:31.85,32.22 1 1
kemejaku/business/users/usecase.go:36.2,36.25 1 1
kemejaku/business/users/usecase.go:40.2,42.16 2 1
kemejaku/business/users/usecase.go:46.2,48.22 2 1
kemejaku/business/users/usecase.go:32.22,34.3 1 1
kemejaku/business/users/usecase.go:36.25,38.3 1 1
kemejaku/business/users/usecase.go:42.16,44.3 1 1
kemejaku/business/users/usecase.go:51.82,54.16 2 1
kemejaku/business/users/usecase.go:58.2,58.22 1 1
kemejaku/business/users/usecase.go:54.16,56.3 1 1
kemejaku/business/users/usecase.go:61.86,62.22 1 1
kemejaku/business/users/usecase.go:66.2,66.25 1 1
kemejaku/business/users/usecase.go:70.2,72.16 2 1
kemejaku/business/users/usecase.go:76.2,76.22 1 1
kemejaku/business/users/usecase.go:62.22,64.3 1 1
kemejaku/business/users/usecase.go:66.25,68.3 1 1
kemejaku/business/users/usecase.go:72.16,74.3 1 1
kemejaku/business/users/usecase.go:79.90,80.13 1 1
kemejaku/business/users/usecase.go:84.2,86.16 2 1
kemejaku/business/users/usecase.go:90.2,90.22 1 1
kemejaku/business/users/usecase.go:80.13,82.3 1 1
kemejaku/business/users/usecase.go:86.16,88.3 1 1
kemejaku/business/users/usecase.go:93.96,94.13 1 1
kemejaku/business/users/usecase.go:98.2,98.22 1 1
kemejaku/business/users/usecase.go:102.2,102.25 1 1
kemejaku/business/users/usecase.go:106.2,108.16 2 1
kemejaku/business/users/usecase.go:112.2,112.22 1 1
kemejaku/business/users/usecase.go:94.13,96.3 1 1
kemejaku/business/users/usecase.go:98.22,100.3 1 1
kemejaku/business/users/usecase.go:102.25,104.3 1 1
kemejaku/business/users/usecase.go:108.16,110.3 1 1
kemejaku/business/users/usecase.go:115.87,116.13 1 1
kemejaku/business/users/usecase.go:120.2,122.16 2 1
kemejaku/business/users/usecase.go:126.2,126.22 1 1
kemejaku/business/users/usecase.go:116.13,118.3 1 1
kemejaku/business/users/usecase.go:122.16,124.3 1 1
kemejaku/business/keranjangs/usecase.go:14.112,19.2 1 1
kemejaku/business/keranjangs/usecase.go:22.105,23.20 1 1
kemejaku/business/keranjangs/usecase.go:27.2,29.16 2 1
kemejaku/business/keranjangs/usecase.go:33.2,33.20 1 1
kemejaku/business/keranjangs/usecase.go:23.20,25.3 1 1
kemejaku/business/keranjangs/usecase.go:29.16,31.3 1 1
kemejaku/business/keranjangs/usecase.go:36.93,39.16 2 1
kemejaku/business/keranjangs/usecase.go:43.2,43.20 1 1
kemejaku/business/keranjangs/usecase.go:39.16,41.3 1 1
kemejaku/business/keranjangs/usecase.go:46.102,47.13 1 1
kemejaku/business/keranjangs/usecase.go:51.2,53.16 2 1
kemejaku/business/keranjangs/usecase.go:57.2,57.20 1 1
kemejaku/business/keranjangs/usecase.go:47.13,49.3 1 1
kemejaku/business/keranjangs/usecase.go:53.16,55.3 1 1
kemejaku/business/keranjangs/usecase.go:60.111,61.13 1 1
kemejaku/business/keranjangs/usecase.go:65.2,67.16 2 1
kemejaku/business/keranjangs/usecase.go:71.2,71.20 1 1
kemejaku/business/keranjangs/usecase.go:61.13,63.3 1 1
kemejaku/business/keranjangs/usecase.go:67.16,69.3 1 1
kemejaku/business/keranjangs/usecase.go:74.99,75.13 1 1
kemejaku/business/keranjangs/usecase.go:79.2,81.16 2 1
kemejaku/business/keranjangs/usecase.go:85.2,85.20 1 1
kemejaku/business/keranjangs/usecase.go:75.13,77.3 1 1
kemejaku/business/keranjangs/usecase.go:81.16,83.3 1 1
