mode: set
kemejaku/business/kemejakeranjangs/usecase.go:19.131,24.2 1 1
kemejaku/business/kemejakeranjangs/usecase.go:27.130,31.16 2 1
kemejaku/business/kemejakeranjangs/usecase.go:35.2,35.20 1 1
kemejaku/business/kemejakeranjangs/usecase.go:31.16,33.3 1 1
kemejaku/business/kemejakeranjangs/usecase.go:38.112,42.16 2 1
kemejaku/business/kemejakeranjangs/usecase.go:46.2,46.20 1 1
kemejaku/business/kemejakeranjangs/usecase.go:42.16,44.3 1 1
kemejaku/business/kemejakeranjangs/usecase.go:49.121,53.16 2 1
kemejaku/business/kemejakeranjangs/usecase.go:57.2,57.20 1 1
kemejaku/business/kemejakeranjangs/usecase.go:53.16,55.3 1 1
kemejaku/business/kemejakeranjangs/usecase.go:60.136,64.16 2 1
kemejaku/business/kemejakeranjangs/usecase.go:68.2,68.20 1 1
kemejaku/business/kemejakeranjangs/usecase.go:64.16,66.3 1 1
kemejaku/business/kemejakeranjangs/usecase.go:71.118,75.16 2 1
kemejaku/business/kemejakeranjangs/usecase.go:79.2,79.20 1 1
kemejaku/business/kemejakeranjangs/usecase.go:75.16,77.3 1 1
kemejaku/business/keranjangs/usecase.go:21.112,26.2 1 1
kemejaku/business/keranjangs/usecase.go:29.105,33.16 2 1
kemejaku/business/keranjangs/usecase.go:37.2,37.20 1 1
kemejaku/business/keranjangs/usecase.go:33.16,35.3 1 1
kemejaku/business/keranjangs/usecase.go:40.93,44.16 2 1
kemejaku/business/keranjangs/usecase.go:48.2,48.20 1 1
kemejaku/business/keranjangs/usecase.go:44.16,46.3 1 1
kemejaku/business/keranjangs/usecase.go:51.102,55.16 2 1
kemejaku/business/keranjangs/usecase.go:59.2,59.20 1 1
kemejaku/business/keranjangs/usecase.go:55.16,57.3 1 1
kemejaku/business/keranjangs/usecase.go:62.111,66.16 2 1
kemejaku/business/keranjangs/usecase.go:70.2,70.20 1 1
kemejaku/business/keranjangs/usecase.go:66.16,68.3 1 1
kemejaku/business/keranjangs/usecase.go:73.99,77.16 2 1
kemejaku/business/keranjangs/usecase.go:81.2,81.20 1 1
kemejaku/business/keranjangs/usecase.go:77.16,79.3 1 1
kemejaku/business/kemejas/usecase.go:16.108,21.2 1 1
kemejaku/business/kemejas/usecase.go:23.98,27.16 2 1
kemejaku/business/kemejas/usecase.go:31.2,31.24 1 1
kemejaku/business/kemejas/usecase.go:27.16,29.3 1 1
kemejaku/business/kemejas/usecase.go:34.89,38.16 2 1
kemejaku/business/kemejas/usecase.go:42.2,42.24 1 1
kemejaku/business/kemejas/usecase.go:38.16,40.3 1 1
kemejaku/business/kemejas/usecase.go:45.98,49.16 2 1
kemejaku/business/kemejas/usecase.go:53.2,53.24 1 1
kemejaku/business/kemejas/usecase.go:49.16,51.3 1 1
kemejaku/business/kemejas/usecase.go:56.104,60.16 2 1
kemejaku/business/kemejas/usecase.go:64.2,64.24 1 1
kemejaku/business/kemejas/usecase.go:60.16,62.3 1 1
kemejaku/business/kemejas/usecase.go:67.95,71.16 2 1
kemejaku/business/kemejas/usecase.go:75.2,75.24 1 1
kemejaku/business/kemejas/usecase.go:71.16,73.3 1 1
kemejaku/business/users/usecase.go:21.96,27.2 1 1
kemejaku/business/users/usecase.go:30.85,34.16 2 1
kemejaku/business/users/usecase.go:40.2,40.22 1 1
kemejaku/business/users/usecase.go:34.16,36.3 1 1
kemejaku/business/users/usecase.go:43.82,46.16 2 1
kemejaku/business/users/usecase.go:50.2,50.22 1 1
kemejaku/business/users/usecase.go:46.16,48.3 1 1
kemejaku/business/users/usecase.go:53.86,56.16 2 1
kemejaku/business/users/usecase.go:60.2,60.22 1 1
kemejaku/business/users/usecase.go:56.16,58.3 1 1
kemejaku/business/users/usecase.go:63.90,66.16 2 1
kemejaku/business/users/usecase.go:70.2,70.22 1 1
kemejaku/business/users/usecase.go:66.16,68.3 1 1
kemejaku/business/users/usecase.go:73.96,76.16 2 1
kemejaku/business/users/usecase.go:80.2,80.22 1 1
kemejaku/business/users/usecase.go:76.16,78.3 1 1
kemejaku/business/users/usecase.go:83.87,86.16 2 1
kemejaku/business/users/usecase.go:90.2,90.22 1 1
kemejaku/business/users/usecase.go:86.16,88.3 1 1
